[FAILED]   ./deepin-desktop-environment/PKGBUILD.tpl
[SUCCESS]  ./deepin-desktop-environment-plugins/PKGBUILD.tpl
[SUCCESS]  ./deepin-game-center/PKGBUILD.tpl
[SUCCESS]  ./deepin-icon-theme/PKGBUILD.tpl
[SUCCESS]  ./deepin-media-player/PKGBUILD.tpl
[SUCCESS]  ./deepin-music-player/PKGBUILD.tpl
[FAILED]   ./deepin-notifications/PKGBUILD.tpl
[SUCCESS]  ./deepin-screenshot/PKGBUILD.tpl
[SUCCESS]  ./deepin-session/PKGBUILD.tpl
[SUCCESS]  ./deepin-system-settings/PKGBUILD.tpl
[SUCCESS]  ./deepin-system-tray/PKGBUILD.tpl
[SUCCESS]  ./deepin-terminal/PKGBUILD.tpl
[SUCCESS]  ./deepin-ui/PKGBUILD.tpl
[SUCCESS]  ./deepin-wallpapers/PKGBUILD.tpl
[SUCCESS]  ./deepin-webkit/PKGBUILD.tpl
[SUCCESS]  ./deepin-webapps/PKGBUILD.tpl
[SUCCESS]  ./python2-deepin-xrandr/PKGBUILD.tpl
[SUCCESS]  ./python2-deepin-lunar/PKGBUILD.tpl
[SUCCESS]  ./libdtk-widget/PKGBUILD.tpl
[SUCCESS]  ./python2-libdtk-widget/PKGBUILD.tpl
[SUCCESS]  ./python2-deepin-storm/PKGBUILD.tpl
[SUCCESS]  ./python2-deepin-pulseaudio/PKGBUILD.tpl
