
2015-03-07 15:13:58 udpate-pkgbuild: [BEGIN]
2015-03-07 15:13:58 update-pkgbuild: [SUCCESS] dde-account-faces updated=false version=1.0.7-1~trusty
2015-03-07 15:13:58 update-pkgbuild: [SUCCESS] dde-api updated=false version=0.0.2+20150107093816~d93500c16a
2015-03-07 15:13:58 update-pkgbuild: [SUCCESS] dde-control-center updated=false version=0.1+20150211150410~6b5195ef53
2015-03-07 15:13:58 update-pkgbuild: [SUCCESS] dde-daemon updated=false version=0.0.1+20150209101554~660a820a61
2015-03-07 15:13:58 update-pkgbuild: [SUCCESS] dde-dock-applets updated=false version=0.0.4+20150212175159~4a7021531e
2015-03-07 15:13:59 update-pkgbuild: [SUCCESS] dde-workspace updated=false version=2.1+20150202093855~5b89873137
2015-03-07 15:13:59 update-pkgbuild: [SUCCESS] deepin-artwork updated=false version=2014-4
2015-03-07 15:13:59 update-pkgbuild: [SUCCESS] deepin-artwork-themes updated=false version=14.04.3+20141204110221~5bf78d7f42
2015-03-07 15:13:59 update-pkgbuild: [SUCCESS] deepin-compiz updated=false version=0.9.99-5+git20140707164843~2e85d002e7
2015-03-07 15:13:59 update-pkgbuild: [SUCCESS] deepin-cursor-theme updated=false version=2014~4-2
2015-03-07 15:13:59 update-pkgbuild: [SUCCESS] deepin-dbus-factory updated=false version=0.0.2+20141226160557~7e89f03592
2015-03-07 15:13:59 update-pkgbuild: [SUCCESS] deepin-dbus-generator updated=false version=0.0.3+20141120163131~84ee26c38d
2015-03-07 15:13:59 update-pkgbuild: [SUCCESS] deepin-default-gsettings updated=false version=0.2+20141216171821~2cf686e3fa
2015-03-07 15:13:59 update-pkgbuild: [SUCCESS] deepin-game-center updated=false version=1.0.1+20141230144448~4e7bbbfda6
2015-03-07 15:13:59 update-pkgbuild: [SUCCESS] deepin-gettext-tools updated=false version=0.0.1+20141216200739~6ba50ecb9c
2015-03-07 15:14:00 update-pkgbuild: [SUCCESS] python2-deepin-gsettings updated=false version=0.1+git20131206094009~a64de3ac19
2015-03-07 15:14:00 update-pkgbuild: [SUCCESS] deepin-gtk-theme updated=false version=14.07+20141223164347~1b5a54ef99
2015-03-07 15:14:00 update-pkgbuild: [SUCCESS] deepin-icon-theme updated=false version=13.06.13+20150114160019~dff58a2dad
2015-03-07 15:14:00 update-pkgbuild: [SUCCESS] deepin-menu updated=false version=1.1+20141216195521~1247e3bd11
2015-03-07 15:14:00 update-pkgbuild: [SUCCESS] deepin-movie updated=false version=2.2+20150211132515~f8f651edba
2015-03-07 15:14:00 update-pkgbuild: [SUCCESS] deepin-music-player updated=false version=1.1+20150204093722~081154cf7b
2015-03-07 15:14:00 update-pkgbuild: [SUCCESS] deepin-notifications updated=false version=0.3+20141216180805~a93d61767c
2015-03-07 15:14:00 update-pkgbuild: [SUCCESS] deepin-pygtk updated=false version=2.24.0-4~saucy
2015-03-07 15:14:00 update-pkgbuild: [SUCCESS] deepin-qml-widgets updated=false version=0.0.2+20150203171526~feb6d6ad2f
2015-03-07 15:14:00 update-pkgbuild: [SUCCESS] deepin-screenshot updated=false version=2.1+20141230110557~a5861179f5
2015-03-07 15:14:01 update-pkgbuild: [SUCCESS] deepin-terminal updated=false version=1.1+20141230110750~bc441b7aae
2015-03-07 15:14:01 update-pkgbuild: [SUCCESS] deepin-ui updated=false version=1.1+20141229194712~5a86faec50
2015-03-07 15:14:01 update-pkgbuild: [SUCCESS] deepin-utils updated=false version=0.0.2+20140703165416~8aaf2a6f00
2015-03-07 15:14:01 update-pkgbuild: [SUCCESS] deepin-vte updated=false version=0.28.2-6deepin7~saucy
2015-03-07 15:14:01 update-pkgbuild: [SUCCESS] go-dlib updated=false version=0.0.4+20150108105637~88ae48d3c8
2015-03-07 15:14:01 update-pkgbuild: [SUCCESS] grub-theme-deepin updated=false version=0.5-9
2015-03-07 15:14:01 update-pkgbuild: [SUCCESS] libdeepin-webkit updated=false version=1.8.2.2+20141124213858~2494240496
2015-03-07 15:14:01 update-pkgbuild: [SUCCESS] startdde updated=false version=0.1+20141230181929~b99e7b174d

2015-03-07 15:15:00 aur-upload: [BEGIN]
2015-03-07 15:15:07 aur-upload: [SUCCESS] deepin-game-center
2015-03-07 15:15:11 aur-upload: [SUCCESS] deepin-music-player
2015-03-07 15:15:17 aur-upload: [SUCCESS] deepin-pygtk
2015-03-07 15:15:21 aur-upload: [SUCCESS] deepin-screenshot
2015-03-07 15:15:25 aur-upload: [SUCCESS] deepin-terminal
2015-03-07 15:15:30 aur-upload: [SUCCESS] deepin-ui
2015-03-07 15:15:35 aur-upload: [SUCCESS] deepin-utils
2015-03-07 15:15:39 aur-upload: [SUCCESS] deepin-vte
