[SUCCESS]  dde-account-faces
[SUCCESS]  dde-api
[SUCCESS]  dde-control-center
[SUCCESS]  dde-daemon
[SUCCESS]  dde-dock-applets
[SUCCESS]  dde-workspace
[SUCCESS]  deepin-artwork
[SUCCESS]  deepin-artwork-themes
[SUCCESS]  deepin-compiz
[SUCCESS]  deepin-cursor-theme
[SUCCESS]  deepin-dbus-factory
[SUCCESS]  deepin-dbus-generator
[SUCCESS]  deepin-default-gsettings
[SUCCESS]  deepin-game-center
[SUCCESS]  deepin-gettext-tools
[SUCCESS]  python2-deepin-gsettings
[SUCCESS]  deepin-gtk-theme
[SUCCESS]  deepin-icon-theme
[SUCCESS]  deepin-menu
[SUCCESS]  deepin-movie
[SUCCESS]  deepin-music-player
[SUCCESS]  deepin-notifications
[SUCCESS]  deepin-pygtk
[SUCCESS]  deepin-qml-widgets
[SUCCESS]  deepin-screenshot
[SUCCESS]  deepin-terminal
[SUCCESS]  deepin-ui
[SUCCESS]  deepin-utils
[SUCCESS]  deepin-vte
[SUCCESS]  go-dlib
[SUCCESS]  grub-theme-deepin
[SUCCESS]  libdeepin-webkit
[SUCCESS]  startdde
